2014-12-12 22:09:34.858 GMT INFO [1921:139805736720128] api.base.EGOAPIWrapper - Domain <SOAM>: Successfully opened handle to EGO [0x7f2708347490].
2014-12-12 22:09:34.865 GMT INFO [1921:139805736720128] api.base.EGOAPIWrapper - Domain <SOAM>: Successfully closed handle to EGO [0x7f2708347490].
2014-12-12 22:12:40.806 GMT INFO [4815:140266727343872] api.base.EGOAPIWrapper - Domain <SOAM>: Successfully opened handle to EGO [0x7f9260357220].
2014-12-12 22:12:40.814 GMT INFO [4815:140266727343872] api.base.EGOAPIWrapper - Domain <SOAM>: Successfully closed handle to EGO [0x7f9260357220].
2014-12-12 22:13:15.308 GMT INFO [5514:139977539798784] api.base.EGOAPIWrapper - Domain <SOAM>: Successfully opened handle to EGO [0x7f4f0832f2d0].
2014-12-12 22:13:15.316 GMT INFO [5514:139977539798784] api.base.EGOAPIWrapper - Domain <SOAM>: Successfully closed handle to EGO [0x7f4f0832f2d0].
2014-12-12 22:14:05.384 GMT INFO [6340:140068583159552] api.base.EGOAPIWrapper - Domain <SOAM>: Successfully opened handle to EGO [0x7f643c3374f0].
2014-12-12 22:14:05.393 GMT INFO [6340:140068583159552] api.base.EGOAPIWrapper - Domain <SOAM>: Successfully closed handle to EGO [0x7f643c3374f0].
2014-12-31 17:34:43.898 GMT INFO [30529:140140803897088] api.base.EGOAPIWrapper - Domain <SOAM>: Successfully opened handle to EGO [0x7f750c35aa10].
2014-12-31 17:34:43.917 GMT INFO [30529:140140803897088] api.base.EGOAPIWrapper - Domain <SOAM>: Successfully closed handle to EGO [0x7f750c35aa10].
2014-12-31 17:34:44.108 GMT ERROR [30529:140140803897088] api.base.actions.BaseAction - Domain <Application>: Application: SharingDataJava is disabled. Enable the application and try again.  {(0xc80061bc:1, 8, 25020)@(SdApplication.cpp:471)}
2014-12-31 17:35:11.813 GMT INFO [30922:139672632772352] api.base.EGOAPIWrapper - Domain <SOAM>: Successfully opened handle to EGO [0x7f0808362a50].
2014-12-31 17:35:11.818 GMT INFO [30922:139672632772352] api.base.EGOAPIWrapper - Domain <SOAM>: Successfully closed handle to EGO [0x7f0808362a50].
2014-12-31 17:36:49.976 GMT INFO [32651:139779578713856] api.base.EGOAPIWrapper - Domain <SOAM>: Successfully opened handle to EGO [0x7f20f035a970].
2014-12-31 17:36:49.981 GMT INFO [32651:139779578713856] api.base.EGOAPIWrapper - Domain <SOAM>: Successfully closed handle to EGO [0x7f20f035a970].
2015-01-12 16:48:15.991 GMT INFO [32384:140693293631232] api.base.EGOAPIWrapper - Domain <SOAM>: Successfully opened handle to EGO [0x7ff5b035a970].
2015-01-12 16:48:15.997 GMT INFO [32384:140693293631232] api.base.EGOAPIWrapper - Domain <SOAM>: Successfully closed handle to EGO [0x7ff5b035a970].
2015-01-12 16:48:16.061 GMT ERROR [32384:140693293631232] api.base.actions.BaseAction - Domain <Application>: Application: SharingDataJava is disabled. Enable the application and try again.  {(0xc80061bc:1, 8, 25020)@(SdApplication.cpp:471)}
2015-01-12 16:48:34.141 GMT INFO [32451:140311424239360] api.base.EGOAPIWrapper - Domain <SOAM>: Successfully opened handle to EGO [0x7f9cc4352da0].
2015-01-12 16:48:34.152 GMT INFO [32451:140311424239360] api.base.EGOAPIWrapper - Domain <SOAM>: Successfully closed handle to EGO [0x7f9cc4352da0].
2015-01-12 16:48:34.170 GMT ERROR [32451:140311424239360] api.base.actions.BaseAction - Domain <Application>: Application: SharingDataJava is disabled. Enable the application and try again.  {(0xc80061bc:1, 8, 25020)@(SdApplication.cpp:471)}
2015-01-12 16:49:01.708 GMT INFO [653:139705626146560] api.base.EGOAPIWrapper - Domain <SOAM>: Successfully opened handle to EGO [0x7f0fb8352960].
2015-01-12 16:49:01.713 GMT INFO [653:139705626146560] api.base.EGOAPIWrapper - Domain <SOAM>: Successfully closed handle to EGO [0x7f0fb8352960].
2015-01-12 16:57:13.638 GMT INFO [8756:140290721081088] api.base.EGOAPIWrapper - Domain <SOAM>: Successfully opened handle to EGO [0x7f97f4362c90].
2015-01-12 16:57:13.649 GMT INFO [8756:140290721081088] api.base.EGOAPIWrapper - Domain <SOAM>: Successfully closed handle to EGO [0x7f97f4362c90].
2015-01-12 16:57:26.964 GMT INFO [8874:140210775213824] api.base.EGOAPIWrapper - Domain <SOAM>: Successfully opened handle to EGO [0x7f8554362960].
2015-01-12 16:57:26.969 GMT INFO [8874:140210775213824] api.base.EGOAPIWrapper - Domain <SOAM>: Successfully closed handle to EGO [0x7f8554362960].
2015-01-12 16:57:59.540 GMT INFO [9564:140281667274496] api.base.EGOAPIWrapper - Domain <SOAM>: Successfully opened handle to EGO [0x7f95d836a950].
2015-01-12 16:57:59.545 GMT INFO [9564:140281667274496] api.base.EGOAPIWrapper - Domain <SOAM>: Successfully closed handle to EGO [0x7f95d836a950].
2015-01-12 17:01:11.053 GMT INFO [12856:140422516225792] api.base.EGOAPIWrapper - Domain <SOAM>: Successfully opened handle to EGO [0x7fb6a4362960].
2015-01-12 17:01:11.062 GMT INFO [12856:140422516225792] api.base.EGOAPIWrapper - Domain <SOAM>: Successfully closed handle to EGO [0x7fb6a4362960].
2015-01-12 17:02:41.592 GMT INFO [14315:140159579522816] api.base.EGOAPIWrapper - Domain <SOAM>: Successfully opened handle to EGO [0x7f796c35a970].
2015-01-12 17:02:41.602 GMT INFO [14315:140159579522816] api.base.EGOAPIWrapper - Domain <SOAM>: Successfully closed handle to EGO [0x7f796c35a970].
2015-01-12 17:03:30.212 GMT INFO [15044:140060836206336] api.base.EGOAPIWrapper - Domain <SOAM>: Successfully opened handle to EGO [0x7f626c35a970].
2015-01-12 17:03:30.221 GMT INFO [15044:140060836206336] api.base.EGOAPIWrapper - Domain <SOAM>: Successfully closed handle to EGO [0x7f626c35a970].
2015-01-12 17:03:48.645 GMT INFO [15404:140574473664256] api.base.EGOAPIWrapper - Domain <SOAM>: Successfully opened handle to EGO [0x7fda04352980].
2015-01-12 17:03:48.652 GMT INFO [15404:140574473664256] api.base.EGOAPIWrapper - Domain <SOAM>: Successfully closed handle to EGO [0x7fda04352980].
2015-01-12 17:04:12.580 GMT INFO [15766:139858616383232] api.base.EGOAPIWrapper - Domain <SOAM>: Successfully opened handle to EGO [0x7f33583528d0].
2015-01-12 17:04:12.603 GMT INFO [15766:139858616383232] api.base.EGOAPIWrapper - Domain <SOAM>: Successfully closed handle to EGO [0x7f33583528d0].
2015-01-12 17:13:40.110 GMT INFO [25225:139952554600192] api.base.EGOAPIWrapper - Domain <SOAM>: Successfully opened handle to EGO [0x7f493835a970].
2015-01-12 17:13:40.124 GMT INFO [25225:139952554600192] api.base.EGOAPIWrapper - Domain <SOAM>: Successfully closed handle to EGO [0x7f493835a970].
2015-01-12 22:22:29.506 GMT INFO [24147:140042678494976] api.base.EGOAPIWrapper - Domain <SOAM>: Successfully opened handle to EGO [0x7f5e343629b0].
2015-01-12 22:22:29.517 GMT INFO [24147:140042678494976] api.base.EGOAPIWrapper - Domain <SOAM>: Successfully closed handle to EGO [0x7f5e343629b0].
2015-01-12 22:27:16.326 GMT INFO [28759:139751570028288] api.base.EGOAPIWrapper - Domain <SOAM>: Successfully opened handle to EGO [0x7f1a6c362960].
2015-01-12 22:27:16.335 GMT INFO [28759:139751570028288] api.base.EGOAPIWrapper - Domain <SOAM>: Successfully closed handle to EGO [0x7f1a6c362960].
2015-01-12 22:39:06.308 GMT INFO [8155:140217815275264] api.base.EGOAPIWrapper - Domain <SOAM>: Successfully opened handle to EGO [0x7f86f835a9c0].
2015-01-12 22:39:06.326 GMT INFO [8155:140217815275264] api.base.EGOAPIWrapper - Domain <SOAM>: Successfully closed handle to EGO [0x7f86f835a9c0].
2015-01-12 22:51:34.007 GMT INFO [20699:139938896000768] api.base.EGOAPIWrapper - Domain <SOAM>: Successfully opened handle to EGO [0x7f460835a970].
2015-01-12 22:51:34.017 GMT INFO [20699:139938896000768] api.base.EGOAPIWrapper - Domain <SOAM>: Successfully closed handle to EGO [0x7f460835a970].
2015-01-12 22:51:47.214 GMT INFO [20776:140464315926272] api.base.EGOAPIWrapper - Domain <SOAM>: Successfully opened handle to EGO [0x7fc05c35b930].
2015-01-12 22:51:47.230 GMT INFO [20776:140464315926272] api.base.EGOAPIWrapper - Domain <SOAM>: Successfully closed handle to EGO [0x7fc05c35b930].
2015-01-12 22:53:28.779 GMT INFO [22563:139997457078016] api.base.EGOAPIWrapper - Domain <SOAM>: Successfully opened handle to EGO [0x7f53ac35ad60].
2015-01-12 22:53:28.785 GMT INFO [22563:139997457078016] api.base.EGOAPIWrapper - Domain <SOAM>: Successfully closed handle to EGO [0x7f53ac35ad60].
2015-01-12 22:55:43.349 GMT INFO [24750:140233561302784] api.base.EGOAPIWrapper - Domain <SOAM>: Successfully opened handle to EGO [0x7f8aa4362960].
2015-01-12 22:55:43.356 GMT INFO [24750:140233561302784] api.base.EGOAPIWrapper - Domain <SOAM>: Successfully closed handle to EGO [0x7f8aa4362960].
2015-01-12 22:55:55.210 GMT INFO [25092:140561571227392] api.base.EGOAPIWrapper - Domain <SOAM>: Successfully opened handle to EGO [0x7fd70435a970].
2015-01-12 22:55:55.220 GMT INFO [25092:140561571227392] api.base.EGOAPIWrapper - Domain <SOAM>: Successfully closed handle to EGO [0x7fd70435a970].
2015-01-12 22:56:21.495 GMT INFO [25453:140700686116608] api.base.EGOAPIWrapper - Domain <SOAM>: Successfully opened handle to EGO [0x7ff7683529f0].
2015-01-12 22:56:21.502 GMT INFO [25453:140700686116608] api.base.EGOAPIWrapper - Domain <SOAM>: Successfully closed handle to EGO [0x7ff7683529f0].
2015-01-12 22:57:26.902 GMT INFO [26525:140392180266752] api.base.EGOAPIWrapper - Domain <SOAM>: Successfully opened handle to EGO [0x7faf9436b110].
2015-01-12 22:57:26.914 GMT INFO [26525:140392180266752] api.base.EGOAPIWrapper - Domain <SOAM>: Successfully closed handle to EGO [0x7faf9436b110].
2015-01-12 22:58:30.218 GMT INFO [27575:140273296926464] api.base.EGOAPIWrapper - Domain <SOAM>: Successfully opened handle to EGO [0x7f93e435ad60].
2015-01-12 22:58:30.230 GMT INFO [27575:140273296926464] api.base.EGOAPIWrapper - Domain <SOAM>: Successfully closed handle to EGO [0x7f93e435ad60].
2015-01-12 22:58:51.884 GMT INFO [27940:139894097766144] api.base.EGOAPIWrapper - Domain <SOAM>: Successfully opened handle to EGO [0x7f3b9c362960].
2015-01-12 22:58:51.895 GMT INFO [27940:139894097766144] api.base.EGOAPIWrapper - Domain <SOAM>: Successfully closed handle to EGO [0x7f3b9c362960].
2015-01-12 22:59:37.030 GMT INFO [28714:140241500563200] api.base.EGOAPIWrapper - Domain <SOAM>: Successfully opened handle to EGO [0x7f8c7c362960].
2015-01-12 22:59:37.042 GMT INFO [28714:140241500563200] api.base.EGOAPIWrapper - Domain <SOAM>: Successfully closed handle to EGO [0x7f8c7c362960].
2015-01-12 23:00:54.839 GMT INFO [30070:139811819034368] api.base.EGOAPIWrapper - Domain <SOAM>: Successfully opened handle to EGO [0x7f2874352980].
2015-01-12 23:00:54.850 GMT INFO [30070:139811819034368] api.base.EGOAPIWrapper - Domain <SOAM>: Successfully closed handle to EGO [0x7f2874352980].
2015-03-24 19:44:33.151 GMT INFO [30071:140349829789440] api.base.EGOAPIWrapper - Domain <SOAM>: Successfully opened handle to EGO [0x7fa5b8357c40].
2015-03-24 19:44:33.155 GMT INFO [30071:140349829789440] api.base.EGOAPIWrapper - Domain <SOAM>: Successfully closed handle to EGO [0x7fa5b8357c40].
2015-03-24 20:30:48.133 GMT INFO [15843:139908336822016] api.base.EGOAPIWrapper - Domain <SOAM>: Successfully opened handle to EGO [0x7f3eec357dc0].
2015-03-24 20:30:48.147 GMT INFO [15843:139908336822016] api.base.EGOAPIWrapper - Domain <SOAM>: Successfully closed handle to EGO [0x7f3eec357dc0].
2015-03-25 15:03:32.953 GMT INFO [31685:140000282777344] api.base.EGOAPIWrapper - Domain <SOAM>: Successfully opened handle to EGO [0x7f5454357e90].
2015-03-25 15:03:32.963 GMT INFO [31685:140000282777344] api.base.EGOAPIWrapper - Domain <SOAM>: Successfully closed handle to EGO [0x7f5454357e90].
2015-03-25 15:03:33.189 GMT ERROR [31685:140000282777344] api.base.SoamSecurityWrapper - Internal error: Failed to start the security interaction on the client side. Security error code 11 {(0x91015f9f:1, 17, 90015)@(SoamEgoSecurityWrapper.cpp : 188)}
2015-03-25 15:03:58.756 GMT INFO [32396:140596867352320] api.base.EGOAPIWrapper - Domain <SOAM>: Successfully opened handle to EGO [0x7fdf3c357dc0].
2015-03-25 15:03:58.759 GMT INFO [32396:140596867352320] api.base.EGOAPIWrapper - Domain <SOAM>: Successfully closed handle to EGO [0x7fdf3c357dc0].
2015-04-01 18:45:02.357 GMT INFO [24867:140373170276096] api.base.EGOAPIWrapper - Domain <SOAM>: Successfully opened handle to EGO [0x7fab243601f0].
2015-04-01 18:45:02.362 GMT INFO [24867:140373170276096] api.base.EGOAPIWrapper - Domain <SOAM>: Successfully closed handle to EGO [0x7fab243601f0].
2015-04-01 18:53:11.057 GMT INFO [1433:140032093931264] api.base.EGOAPIWrapper - Domain <SOAM>: Successfully opened handle to EGO [0x7f5bbc35fe20].
2015-04-01 18:53:11.066 GMT INFO [1433:140032093931264] api.base.EGOAPIWrapper - Domain <SOAM>: Successfully closed handle to EGO [0x7f5bbc35fe20].
2015-04-01 18:53:19.556 GMT INFO [1530:140409038911264] api.base.EGOAPIWrapper - Domain <SOAM>: Successfully opened handle to EGO [0x874be0].
2015-04-01 18:53:19.559 GMT INFO [1530:140409038911264] api.base.EGOAPIWrapper - Domain <SOAM>: Successfully closed handle to EGO [0x874be0].
2015-04-01 18:53:25.920 GMT INFO [1530:140408816813824] api.base.BaseSession - Domain <Application> : The number of tasks received for the life of session "1507" was "20".
2015-04-01 18:56:21.706 GMT INFO [4956:139847609333536] api.base.EGOAPIWrapper - Domain <SOAM>: Successfully opened handle to EGO [0xf21be0].
2015-04-01 18:56:21.711 GMT INFO [4956:139847609333536] api.base.EGOAPIWrapper - Domain <SOAM>: Successfully closed handle to EGO [0xf21be0].
2015-04-01 18:56:46.335 GMT INFO [4956:139847387236096] api.base.BaseSession - Domain <Application> : The number of tasks received for the life of session "1508" was "2000".
2015-04-01 19:49:30.873 GMT INFO [30589:140169133692704] api.base.EGOAPIWrapper - Domain <SOAM>: Successfully opened handle to EGO [0x20e3be0].
2015-04-01 19:49:30.878 GMT INFO [30589:140169133692704] api.base.EGOAPIWrapper - Domain <SOAM>: Successfully closed handle to EGO [0x20e3be0].
2015-04-01 19:49:46.939 GMT INFO [30939:140524183484192] api.base.EGOAPIWrapper - Domain <SOAM>: Successfully opened handle to EGO [0x15b8be0].
2015-04-01 19:49:46.944 GMT INFO [30939:140524183484192] api.base.EGOAPIWrapper - Domain <SOAM>: Successfully closed handle to EGO [0x15b8be0].
2015-04-01 20:16:03.360 GMT INFO [30939:140524183484192] api.base.BaseSession - Domain <Application> : The number of tasks received for the life of session "1510" was "15641".
2015-04-01 20:16:20.876 GMT INFO [27714:139741804087072] api.base.EGOAPIWrapper - Domain <SOAM>: Successfully opened handle to EGO [0xfc5be0].
2015-04-01 20:16:20.882 GMT INFO [27714:139741804087072] api.base.EGOAPIWrapper - Domain <SOAM>: Successfully closed handle to EGO [0xfc5be0].
2015-04-01 20:19:59.813 GMT INFO [31572:139639423358752] api.base.EGOAPIWrapper - Domain <SOAM>: Successfully opened handle to EGO [0x7c5be0].
2015-04-01 20:19:59.818 GMT INFO [31572:139639423358752] api.base.EGOAPIWrapper - Domain <SOAM>: Successfully closed handle to EGO [0x7c5be0].
2015-04-01 20:22:49.066 GMT INFO [2200:140154376132384] api.base.EGOAPIWrapper - Domain <SOAM>: Successfully opened handle to EGO [0x9f2be0].
2015-04-01 20:22:49.079 GMT INFO [2200:140154376132384] api.base.EGOAPIWrapper - Domain <SOAM>: Successfully closed handle to EGO [0x9f2be0].
2015-04-01 20:23:11.149 GMT INFO [2200:140154376132384] api.base.BaseSession - Domain <Application> : The number of tasks received for the life of session "1603" was "5".
2015-04-01 20:28:45.804 GMT INFO [8673:140511750457120] api.base.EGOAPIWrapper - Domain <SOAM>: Successfully opened handle to EGO [0x1579be0].
2015-04-01 20:28:45.810 GMT INFO [8673:140511750457120] api.base.EGOAPIWrapper - Domain <SOAM>: Successfully closed handle to EGO [0x1579be0].
2015-04-01 20:29:06.377 GMT INFO [8673:140511461185280] api.base.BaseSession - Domain <Application> : The number of tasks received for the life of session "1701" was "5".
2015-04-01 20:29:14.441 GMT INFO [9122:140184292996896] api.base.EGOAPIWrapper - Domain <SOAM>: Successfully opened handle to EGO [0xe77be0].
2015-04-01 20:29:14.455 GMT INFO [9122:140184292996896] api.base.EGOAPIWrapper - Domain <SOAM>: Successfully closed handle to EGO [0xe77be0].
2015-04-01 20:30:18.048 GMT INFO [9122:140184292996896] api.base.BaseSession - Domain <Application> : The number of tasks received for the life of session "1702" was "50".
2015-04-01 21:37:46.411 GMT INFO [19266:140041171457824] api.base.EGOAPIWrapper - Domain <SOAM>: Successfully opened handle to EGO [0x1d5dbe0].
2015-04-01 21:37:46.421 GMT INFO [19266:140041171457824] api.base.EGOAPIWrapper - Domain <SOAM>: Successfully closed handle to EGO [0x1d5dbe0].
2015-04-01 22:10:10.714 GMT INFO [19266:140040949360384] api.base.BaseSession - Domain <Application> : The number of tasks received for the life of session "1703" was "500".
2015-05-27 16:44:15.836 GMT INFO [8003:140220116748032] api.base.EGOAPIWrapper - Domain <SOAM>: Successfully opened handle to EGO [0x7f8784357e90].
2015-05-27 16:44:15.848 GMT INFO [8003:140220116748032] api.base.EGOAPIWrapper - Domain <SOAM>: Successfully closed handle to EGO [0x7f8784357e90].
2015-05-27 16:44:16.078 GMT ERROR [8003:140220116748032] api.base.actions.BaseAction - Domain <Application>: Application: SharingDataJava is disabled. Enable the application and try again.  {(0xc80061bc:1, 8, 25020)@(SdApplication.cpp:471)}
2015-05-27 16:44:29.642 GMT INFO [8143:139918979581696] api.base.EGOAPIWrapper - Domain <SOAM>: Successfully opened handle to EGO [0x7f4164357e90].
2015-05-27 16:44:29.660 GMT INFO [8143:139918979581696] api.base.EGOAPIWrapper - Domain <SOAM>: Successfully closed handle to EGO [0x7f4164357e90].
2015-05-27 16:46:29.713 GMT INFO [10655:140080535230208] api.base.EGOAPIWrapper - Domain <SOAM>: Successfully opened handle to EGO [0x7f670435fe80].
2015-05-27 16:46:29.719 GMT INFO [10655:140080535230208] api.base.EGOAPIWrapper - Domain <SOAM>: Successfully closed handle to EGO [0x7f670435fe80].
2015-05-27 16:48:05.139 GMT INFO [12577:140520821647104] api.base.EGOAPIWrapper - Domain <SOAM>: Successfully opened handle to EGO [0x7fcd84367e70].
2015-05-27 16:48:05.150 GMT INFO [12577:140520821647104] api.base.EGOAPIWrapper - Domain <SOAM>: Successfully closed handle to EGO [0x7fcd84367e70].
2015-05-27 18:41:48.218 GMT INFO [7889:140567117375232] api.base.EGOAPIWrapper - Domain <SOAM>: Successfully opened handle to EGO [0x7fd84c3681c0].
2015-05-27 18:41:48.233 GMT INFO [7889:140567117375232] api.base.EGOAPIWrapper - Domain <SOAM>: Successfully closed handle to EGO [0x7fd84c3681c0].
2015-05-27 18:42:12.203 GMT INFO [8294:140172388615936] api.base.EGOAPIWrapper - Domain <SOAM>: Successfully opened handle to EGO [0x7f7c6435fe90].
2015-05-27 18:42:12.219 GMT INFO [8294:140172388615936] api.base.EGOAPIWrapper - Domain <SOAM>: Successfully closed handle to EGO [0x7f7c6435fe90].
2015-05-27 18:50:29.384 GMT INFO [17773:139974740162304] api.base.EGOAPIWrapper - Domain <SOAM>: Successfully opened handle to EGO [0x7f4e6036fe60].
2015-05-27 18:50:29.395 GMT INFO [17773:139974740162304] api.base.EGOAPIWrapper - Domain <SOAM>: Successfully closed handle to EGO [0x7f4e6036fe60].
2015-05-27 18:53:46.545 GMT INFO [21546:140101184419584] api.base.EGOAPIWrapper - Domain <SOAM>: Successfully opened handle to EGO [0x7f6bd036fe60].
2015-05-27 18:53:46.552 GMT INFO [21546:140101184419584] api.base.EGOAPIWrapper - Domain <SOAM>: Successfully closed handle to EGO [0x7f6bd036fe60].
2015-05-27 18:54:10.761 GMT INFO [21989:140310272472832] api.base.EGOAPIWrapper - Domain <SOAM>: Successfully opened handle to EGO [0x7f9c80367e70].
2015-05-27 18:54:10.772 GMT INFO [21989:140310272472832] api.base.EGOAPIWrapper - Domain <SOAM>: Successfully closed handle to EGO [0x7f9c80367e70].
2015-05-27 19:04:21.826 GMT INFO [882:140478938568448] api.base.EGOAPIWrapper - Domain <SOAM>: Successfully opened handle to EGO [0x7fc3c435fed0].
2015-05-27 19:04:21.840 GMT INFO [882:140478938568448] api.base.EGOAPIWrapper - Domain <SOAM>: Successfully closed handle to EGO [0x7fc3c435fed0].
2015-05-27 19:11:19.977 GMT INFO [8932:140715594430208] api.base.EGOAPIWrapper - Domain <SOAM>: Successfully opened handle to EGO [0x7ffae035ff20].
2015-05-27 19:11:19.985 GMT INFO [8932:140715594430208] api.base.EGOAPIWrapper - Domain <SOAM>: Successfully closed handle to EGO [0x7ffae035ff20].
2015-05-27 19:16:54.930 GMT INFO [15176:140570925831936] api.base.EGOAPIWrapper - Domain <SOAM>: Successfully opened handle to EGO [0x7fd930370e80].
2015-05-27 19:16:54.940 GMT INFO [15176:140570925831936] api.base.EGOAPIWrapper - Domain <SOAM>: Successfully closed handle to EGO [0x7fd930370e80].
2015-05-27 19:17:15.758 GMT INFO [15579:140011851630336] api.base.EGOAPIWrapper - Domain <SOAM>: Successfully opened handle to EGO [0x7f570436ff20].
2015-05-27 19:17:15.764 GMT INFO [15579:140011851630336] api.base.EGOAPIWrapper - Domain <SOAM>: Successfully closed handle to EGO [0x7f570436ff20].
2015-05-27 19:19:32.126 GMT INFO [17947:140486412388096] api.base.EGOAPIWrapper - Domain <SOAM>: Successfully opened handle to EGO [0x7fc58436ff20].
2015-05-27 19:19:32.138 GMT INFO [17947:140486412388096] api.base.EGOAPIWrapper - Domain <SOAM>: Successfully closed handle to EGO [0x7fc58436ff20].
