2015-02-09 17:44:48.269 GMT INFO [3529:140522328106752] api.base.EGOAPIWrapper - Domain <SOAM>: Successfully opened handle to EGO [0x7fcde0499e80].
2015-02-09 17:44:48.275 GMT INFO [3529:140522328106752] api.base.EGOAPIWrapper - Domain <SOAM>: Successfully closed handle to EGO [0x7fcde0499e80].
2015-02-09 19:04:29.992 GMT INFO [19160:140486915929856] api.base.EGOAPIWrapper - Domain <SOAM>: Successfully opened handle to EGO [0x7fc5a44986c0].
2015-02-09 19:04:29.997 GMT INFO [19160:140486915929856] api.base.EGOAPIWrapper - Domain <SOAM>: Successfully closed handle to EGO [0x7fc5a44986c0].
2015-02-09 20:07:18.195 GMT INFO [17223:139770155439904] api.base.EGOAPIWrapper - Domain <SOAM>: Successfully opened handle to EGO [0x28d7470].
2015-02-09 20:07:18.203 GMT INFO [17223:139770155439904] api.base.EGOAPIWrapper - Domain <SOAM>: Successfully closed handle to EGO [0x28d7470].
2015-02-09 20:07:24.392 GMT INFO [17223:139770155439904] api.base.BaseSession - Domain <Application> : The number of tasks received for the life of session "601" was "20".
2015-02-09 20:08:17.513 GMT INFO [18246:140132843931392] api.base.EGOAPIWrapper - Domain <SOAM>: Successfully opened handle to EGO [0x7f73344a06c0].
2015-02-09 20:08:17.518 GMT INFO [18246:140132843931392] api.base.EGOAPIWrapper - Domain <SOAM>: Successfully closed handle to EGO [0x7f73344a06c0].
2015-02-09 20:17:10.000 GMT INFO [27439:140054862628608] api.base.EGOAPIWrapper - Domain <SOAM>: Successfully opened handle to EGO [0x7f610c4a06c0].
2015-02-09 20:17:10.008 GMT INFO [27439:140054862628608] api.base.EGOAPIWrapper - Domain <SOAM>: Successfully closed handle to EGO [0x7f610c4a06c0].
2015-02-09 20:20:29.250 GMT INFO [30641:140327710246656] api.base.EGOAPIWrapper - Domain <SOAM>: Successfully opened handle to EGO [0x7fa0904986d0].
2015-02-09 20:20:29.255 GMT INFO [30641:140327710246656] api.base.EGOAPIWrapper - Domain <SOAM>: Successfully closed handle to EGO [0x7fa0904986d0].
2015-02-09 20:20:59.969 GMT INFO [31029:139711473792768] api.base.EGOAPIWrapper - Domain <SOAM>: Successfully opened handle to EGO [0x7f11184a0a90].
2015-02-09 20:20:59.974 GMT INFO [31029:139711473792768] api.base.EGOAPIWrapper - Domain <SOAM>: Successfully closed handle to EGO [0x7f11184a0a90].
2015-02-09 20:56:50.090 GMT INFO [3172:140132940883712] api.base.EGOAPIWrapper - Domain <SOAM>: Successfully opened handle to EGO [0x7f73384a06c0].
2015-02-09 20:56:50.095 GMT INFO [3172:140132940883712] api.base.EGOAPIWrapper - Domain <SOAM>: Successfully closed handle to EGO [0x7f73384a06c0].
2015-02-09 20:59:03.288 GMT INFO [5302:140425350588160] api.base.EGOAPIWrapper - Domain <SOAM>: Successfully opened handle to EGO [0x7fb74c4a06c0].
2015-02-09 20:59:03.292 GMT INFO [5302:140425350588160] api.base.EGOAPIWrapper - Domain <SOAM>: Successfully closed handle to EGO [0x7fb74c4a06c0].
2015-02-09 21:04:00.900 GMT INFO [10284:140620399208192] api.base.EGOAPIWrapper - Domain <SOAM>: Successfully opened handle to EGO [0x7fe4b84906e0].
2015-02-09 21:04:00.905 GMT INFO [10284:140620399208192] api.base.EGOAPIWrapper - Domain <SOAM>: Successfully closed handle to EGO [0x7fe4b84906e0].
2015-03-25 14:59:43.706 GMT INFO [13957:140441073948416] api.base.EGOAPIWrapper - Domain <SOAM>: Successfully opened handle to EGO [0x7fbaf84a4550].
2015-03-25 14:59:43.710 GMT INFO [13957:140441073948416] api.base.EGOAPIWrapper - Domain <SOAM>: Successfully closed handle to EGO [0x7fbaf84a4550].
2015-03-25 15:04:18.663 GMT INFO [19520:140696302098176] api.base.EGOAPIWrapper - Domain <SOAM>: Successfully opened handle to EGO [0x7ff66448b060].
2015-03-25 15:04:18.665 GMT INFO [19520:140696302098176] api.base.EGOAPIWrapper - Domain <SOAM>: Successfully closed handle to EGO [0x7ff66448b060].
2015-03-25 15:05:54.259 GMT INFO [21254:140721656825600] api.base.EGOAPIWrapper - Domain <SOAM>: Successfully opened handle to EGO [0x7ffc4c482dc0].
2015-03-25 15:05:54.262 GMT INFO [21254:140721656825600] api.base.EGOAPIWrapper - Domain <SOAM>: Successfully closed handle to EGO [0x7ffc4c482dc0].
2015-03-25 15:09:56.720 GMT INFO [25204:140646927677216] api.base.EGOAPIWrapper - Domain <SOAM>: Successfully opened handle to EGO [0xdf31f0].
2015-03-25 15:09:56.724 GMT INFO [25204:140646927677216] api.base.EGOAPIWrapper - Domain <SOAM>: Successfully closed handle to EGO [0xdf31f0].
2015-03-25 15:10:42.415 GMT INFO [25908:140013869238048] api.base.EGOAPIWrapper - Domain <SOAM>: Successfully opened handle to EGO [0x15a61c0].
2015-03-25 15:10:42.428 GMT INFO [25908:140013869238048] api.base.EGOAPIWrapper - Domain <SOAM>: Successfully closed handle to EGO [0x15a61c0].
2015-03-25 15:12:03.415 GMT INFO [29173:139770730223392] api.base.EGOAPIWrapper - Domain <SOAM>: Successfully opened handle to EGO [0x17151f0].
2015-03-25 15:12:03.421 GMT INFO [29173:139770730223392] api.base.EGOAPIWrapper - Domain <SOAM>: Successfully closed handle to EGO [0x17151f0].
2015-03-25 15:13:03.481 GMT ERROR [29173:139770730223392] api.base.actions.BaseAction - Failed to start session manager for consumer /SymTesting/Symping71. An operation timed out. Please make sure resources are available for session manager and try again. {(0xc80061ca:1, 8, 25034)@(SdSsm.cpp:426)}
2015-03-25 15:30:51.818 GMT INFO [24254:139867031467776] api.base.EGOAPIWrapper - Domain <SOAM>: Successfully opened handle to EGO [0x7f35504a3de0].
2015-03-25 15:30:51.824 GMT INFO [24254:139867031467776] api.base.EGOAPIWrapper - Domain <SOAM>: Successfully closed handle to EGO [0x7f35504a3de0].
2015-03-25 15:32:41.738 GMT INFO [26294:140277539374880] api.base.EGOAPIWrapper - Domain <SOAM>: Successfully opened handle to EGO [0x1b691e0].
2015-03-25 15:32:41.748 GMT INFO [26294:140277539374880] api.base.EGOAPIWrapper - Domain <SOAM>: Successfully closed handle to EGO [0x1b691e0].
2015-03-25 15:32:51.432 GMT INFO [26584:139904380352256] api.base.EGOAPIWrapper - Domain <SOAM>: Successfully opened handle to EGO [0x7f3e0048ade0].
2015-03-25 15:32:51.436 GMT INFO [26584:139904380352256] api.base.EGOAPIWrapper - Domain <SOAM>: Successfully closed handle to EGO [0x7f3e0048ade0].
2015-03-25 15:39:17.410 GMT INFO [571:140368336066304] api.base.EGOAPIWrapper - Domain <SOAM>: Successfully opened handle to EGO [0x7faa0849ae70].
2015-03-25 15:39:17.422 GMT INFO [571:140368336066304] api.base.EGOAPIWrapper - Domain <SOAM>: Successfully closed handle to EGO [0x7faa0849ae70].
2015-03-25 15:43:16.863 GMT ERROR [571:140368336066304] api.base.OutstandingFetchRequest - Domain <Application>: Cannot operate on session 1306 : application disabled {(0x86004e73:1, 6, 20083)@(SoamBaseSession.cpp : 2447)}
2015-03-25 15:43:39.534 GMT INFO [5161:140281094366976] api.base.EGOAPIWrapper - Domain <SOAM>: Successfully opened handle to EGO [0x7f95b84a2e60].
2015-03-25 15:43:39.540 GMT INFO [5161:140281094366976] api.base.EGOAPIWrapper - Domain <SOAM>: Successfully closed handle to EGO [0x7f95b84a2e60].
2015-03-25 15:44:05.029 GMT INFO [5639:139980279691008] api.base.EGOAPIWrapper - Domain <SOAM>: Successfully opened handle to EGO [0x7f4fac482df0].
2015-03-25 15:44:05.034 GMT INFO [5639:139980279691008] api.base.EGOAPIWrapper - Domain <SOAM>: Successfully closed handle to EGO [0x7f4fac482df0].
2015-03-25 15:51:41.692 GMT INFO [13558:140619905087232] api.base.EGOAPIWrapper - Domain <SOAM>: Successfully opened handle to EGO [0x7fe4984830a0].
2015-03-25 15:51:41.697 GMT INFO [13558:140619905087232] api.base.EGOAPIWrapper - Domain <SOAM>: Successfully closed handle to EGO [0x7fe4984830a0].
2015-03-25 15:55:21.774 GMT INFO [17243:140190370490112] api.base.EGOAPIWrapper - Domain <SOAM>: Successfully opened handle to EGO [0x7f8098492d50].
2015-03-25 15:55:21.782 GMT INFO [17243:140190370490112] api.base.EGOAPIWrapper - Domain <SOAM>: Successfully closed handle to EGO [0x7f8098492d50].
2015-03-25 15:56:51.069 GMT INFO [18708:140389626005248] api.base.EGOAPIWrapper - Domain <SOAM>: Successfully opened handle to EGO [0x7faefc492da0].
2015-03-25 15:56:51.073 GMT INFO [18708:140389626005248] api.base.EGOAPIWrapper - Domain <SOAM>: Successfully closed handle to EGO [0x7faefc492da0].
2015-03-25 16:11:07.836 GMT INFO [9229:140551823734560] api.base.EGOAPIWrapper - Domain <SOAM>: Successfully opened handle to EGO [0x1f35000].
2015-03-25 16:11:07.839 GMT INFO [9229:140551823734560] api.base.EGOAPIWrapper - Domain <SOAM>: Successfully closed handle to EGO [0x1f35000].
2015-03-25 16:12:39.996 GMT INFO [9229:140551652808448] api.base.BaseSession - Domain <Application> : The number of tasks received for the life of session "184701" was "20".
2015-03-25 16:13:23.131 GMT INFO [14753:139638447322880] api.base.EGOAPIWrapper - Domain <SOAM>: Successfully opened handle to EGO [0x7f0014494c40].
2015-03-25 16:13:23.137 GMT INFO [14753:139638447322880] api.base.EGOAPIWrapper - Domain <SOAM>: Successfully closed handle to EGO [0x7f0014494c40].
